looking for files
change file  D:\Git\Gumtree\source\1.8\gumtree\bragg\bilby\au.gov.ansto.bragg.bilby.core/pom.xml
change file  D:\Git\Gumtree\source\1.8\gumtree\bragg\bilby\au.gov.ansto.bragg.bilby.core\META-INF/MANIFEST.MF
change file  D:\Git\Gumtree\source\1.8\gumtree\bragg\bilby\au.gov.ansto.bragg.bilby.core.feature/feature.xml
change file  D:\Git\Gumtree\source\1.8\gumtree\bragg\bilby\au.gov.ansto.bragg.bilby.core.feature/pom.xml
change file  D:\Git\Gumtree\source\1.8\gumtree\bragg\bilby\au.gov.ansto.bragg.bilby.server/pom.xml
change file  D:\Git\Gumtree\source\1.8\gumtree\bragg\bilby\au.gov.ansto.bragg.bilby.server\META-INF/MANIFEST.MF
change file  D:\Git\Gumtree\source\1.8\gumtree\bragg\bilby\au.gov.ansto.bragg.bilby.ui/pom.xml
change file  D:\Git\Gumtree\source\1.8\gumtree\bragg\bilby\au.gov.ansto.bragg.bilby.ui\META-INF/MANIFEST.MF
change file  D:\Git\Gumtree\source\1.8\gumtree\bragg\bilby\au.gov.ansto.bragg.bilby.webserver/pom.xml
change file  D:\Git\Gumtree\source\1.8\gumtree\bragg\bilby\au.gov.ansto.bragg.bilby.webserver\META-INF/MANIFEST.MF
change file  D:\Git\Gumtree\source\1.8\gumtree\bragg\bilby\au.gov.ansto.bragg.bilby.webserver.feature/feature.xml
change file  D:\Git\Gumtree\source\1.8\gumtree\bragg\bilby\au.gov.ansto.bragg.bilby.webserver.feature/pom.xml
change file  D:\Git\Gumtree\source\1.8\gumtree\bragg\bilby\au.gov.ansto.bragg.bilby.workbench/pom.xml
change file  D:\Git\Gumtree\source\1.8\gumtree\bragg\bilby\au.gov.ansto.bragg.bilby.workbench\META-INF/MANIFEST.MF
change file  D:\Git\Gumtree\source\1.8\gumtree\bragg\bilby\au.gov.ansto.bragg.bilby.workbench.feature/feature.xml
change file  D:\Git\Gumtree\source\1.8\gumtree\bragg\bilby\au.gov.ansto.bragg.bilby.workbench.feature/pom.xml
change file  D:\Git\Gumtree\source\1.8\gumtree\bragg\build\au.gov.ansto.bragg.extensions.module/pom.xml
change file  D:\Git\Gumtree\source\1.8\gumtree\bragg\build\au.gov.ansto.bragg.extensions.sources.feature/feature.xml
change file  D:\Git\Gumtree\source\1.8\gumtree\bragg\build\au.gov.ansto.bragg.extensions.sources.feature/pom.xml
change file  D:\Git\Gumtree\source\1.8\gumtree\bragg\dingo\au.gov.ansto.bragg.dingo.core/pom.xml
change file  D:\Git\Gumtree\source\1.8\gumtree\bragg\dingo\au.gov.ansto.bragg.dingo.core\META-INF/MANIFEST.MF
change file  D:\Git\Gumtree\source\1.8\gumtree\bragg\dingo\au.gov.ansto.bragg.dingo.core.feature/feature.xml
change file  D:\Git\Gumtree\source\1.8\gumtree\bragg\dingo\au.gov.ansto.bragg.dingo.core.feature/pom.xml
change file  D:\Git\Gumtree\source\1.8\gumtree\bragg\dingo\au.gov.ansto.bragg.dingo.server/pom.xml
change file  D:\Git\Gumtree\source\1.8\gumtree\bragg\dingo\au.gov.ansto.bragg.dingo.server\META-INF/MANIFEST.MF
change file  D:\Git\Gumtree\source\1.8\gumtree\bragg\dingo\au.gov.ansto.bragg.dingo.ui/pom.xml
change file  D:\Git\Gumtree\source\1.8\gumtree\bragg\dingo\au.gov.ansto.bragg.dingo.ui\META-INF/MANIFEST.MF
change file  D:\Git\Gumtree\source\1.8\gumtree\bragg\dingo\au.gov.ansto.bragg.dingo.webserver/pom.xml
change file  D:\Git\Gumtree\source\1.8\gumtree\bragg\dingo\au.gov.ansto.bragg.dingo.webserver\META-INF/MANIFEST.MF
change file  D:\Git\Gumtree\source\1.8\gumtree\bragg\dingo\au.gov.ansto.bragg.dingo.webserver.feature/feature.xml
change file  D:\Git\Gumtree\source\1.8\gumtree\bragg\dingo\au.gov.ansto.bragg.dingo.webserver.feature/pom.xml
change file  D:\Git\Gumtree\source\1.8\gumtree\bragg\dingo\au.gov.ansto.bragg.dingo.workbench/pom.xml
change file  D:\Git\Gumtree\source\1.8\gumtree\bragg\dingo\au.gov.ansto.bragg.dingo.workbench\META-INF/MANIFEST.MF
change file  D:\Git\Gumtree\source\1.8\gumtree\bragg\dingo\au.gov.ansto.bragg.dingo.workbench.feature/feature.xml
change file  D:\Git\Gumtree\source\1.8\gumtree\bragg\dingo\au.gov.ansto.bragg.dingo.workbench.feature/pom.xml
change file  D:\Git\Gumtree\source\1.8\gumtree\bragg\echidna\au.gov.ansto.bragg.echidna.algolib/pom.xml
change file  D:\Git\Gumtree\source\1.8\gumtree\bragg\echidna\au.gov.ansto.bragg.echidna.algolib\META-INF/MANIFEST.MF
change file  D:\Git\Gumtree\source\1.8\gumtree\bragg\echidna\au.gov.ansto.bragg.echidna.core/pom.xml
change file  D:\Git\Gumtree\source\1.8\gumtree\bragg\echidna\au.gov.ansto.bragg.echidna.core\META-INF/MANIFEST.MF
change file  D:\Git\Gumtree\source\1.8\gumtree\bragg\echidna\au.gov.ansto.bragg.echidna.core.feature/feature.xml
change file  D:\Git\Gumtree\source\1.8\gumtree\bragg\echidna\au.gov.ansto.bragg.echidna.core.feature/pom.xml
change file  D:\Git\Gumtree\source\1.8\gumtree\bragg\echidna\au.gov.ansto.bragg.echidna.dra/pom.xml
change file  D:\Git\Gumtree\source\1.8\gumtree\bragg\echidna\au.gov.ansto.bragg.echidna.dra\META-INF/MANIFEST.MF
change file  D:\Git\Gumtree\source\1.8\gumtree\bragg\echidna\au.gov.ansto.bragg.echidna.exp/pom.xml
change file  D:\Git\Gumtree\source\1.8\gumtree\bragg\echidna\au.gov.ansto.bragg.echidna.exp\META-INF/MANIFEST.MF
change file  D:\Git\Gumtree\source\1.8\gumtree\bragg\echidna\au.gov.ansto.bragg.echidna.server/pom.xml
change file  D:\Git\Gumtree\source\1.8\gumtree\bragg\echidna\au.gov.ansto.bragg.echidna.server\META-INF/MANIFEST.MF
change file  D:\Git\Gumtree\source\1.8\gumtree\bragg\echidna\au.gov.ansto.bragg.echidna.ui/pom.xml
change file  D:\Git\Gumtree\source\1.8\gumtree\bragg\echidna\au.gov.ansto.bragg.echidna.ui\META-INF/MANIFEST.MF
change file  D:\Git\Gumtree\source\1.8\gumtree\bragg\echidna\au.gov.ansto.bragg.echidna.webserver/pom.xml
change file  D:\Git\Gumtree\source\1.8\gumtree\bragg\echidna\au.gov.ansto.bragg.echidna.webserver\META-INF/MANIFEST.MF
change file  D:\Git\Gumtree\source\1.8\gumtree\bragg\echidna\au.gov.ansto.bragg.echidna.webserver.feature/feature.xml
change file  D:\Git\Gumtree\source\1.8\gumtree\bragg\echidna\au.gov.ansto.bragg.echidna.webserver.feature/pom.xml
change file  D:\Git\Gumtree\source\1.8\gumtree\bragg\echidna\au.gov.ansto.bragg.echidna.workbench/pom.xml
change file  D:\Git\Gumtree\source\1.8\gumtree\bragg\echidna\au.gov.ansto.bragg.echidna.workbench\META-INF/MANIFEST.MF
change file  D:\Git\Gumtree\source\1.8\gumtree\bragg\echidna\au.gov.ansto.bragg.echidna.workbench.feature/feature.xml
change file  D:\Git\Gumtree\source\1.8\gumtree\bragg\echidna\au.gov.ansto.bragg.echidna.workbench.feature/pom.xml
change file  D:\Git\Gumtree\source\1.8\gumtree\bragg\emu\au.gov.ansto.bragg.emu.core/pom.xml
change file  D:\Git\Gumtree\source\1.8\gumtree\bragg\emu\au.gov.ansto.bragg.emu.core\META-INF/MANIFEST.MF
change file  D:\Git\Gumtree\source\1.8\gumtree\bragg\emu\au.gov.ansto.bragg.emu.core.feature/feature.xml
change file  D:\Git\Gumtree\source\1.8\gumtree\bragg\emu\au.gov.ansto.bragg.emu.core.feature/pom.xml
change file  D:\Git\Gumtree\source\1.8\gumtree\bragg\emu\au.gov.ansto.bragg.emu.server/pom.xml
change file  D:\Git\Gumtree\source\1.8\gumtree\bragg\emu\au.gov.ansto.bragg.emu.server\META-INF/MANIFEST.MF
change file  D:\Git\Gumtree\source\1.8\gumtree\bragg\emu\au.gov.ansto.bragg.emu.ui/pom.xml
change file  D:\Git\Gumtree\source\1.8\gumtree\bragg\emu\au.gov.ansto.bragg.emu.ui\META-INF/MANIFEST.MF
change file  D:\Git\Gumtree\source\1.8\gumtree\bragg\emu\au.gov.ansto.bragg.emu.webserver/pom.xml
change file  D:\Git\Gumtree\source\1.8\gumtree\bragg\emu\au.gov.ansto.bragg.emu.webserver\META-INF/MANIFEST.MF
change file  D:\Git\Gumtree\source\1.8\gumtree\bragg\emu\au.gov.ansto.bragg.emu.webserver.feature/feature.xml
change file  D:\Git\Gumtree\source\1.8\gumtree\bragg\emu\au.gov.ansto.bragg.emu.webserver.feature/pom.xml
change file  D:\Git\Gumtree\source\1.8\gumtree\bragg\emu\au.gov.ansto.bragg.emu.workbench/pom.xml
change file  D:\Git\Gumtree\source\1.8\gumtree\bragg\emu\au.gov.ansto.bragg.emu.workbench\META-INF/MANIFEST.MF
change file  D:\Git\Gumtree\source\1.8\gumtree\bragg\emu\au.gov.ansto.bragg.emu.workbench.feature/feature.xml
change file  D:\Git\Gumtree\source\1.8\gumtree\bragg\emu\au.gov.ansto.bragg.emu.workbench.feature/pom.xml
change file  D:\Git\Gumtree\source\1.8\gumtree\bragg\kookaburra\au.gov.ansto.bragg.kookaburra.core/pom.xml
change file  D:\Git\Gumtree\source\1.8\gumtree\bragg\kookaburra\au.gov.ansto.bragg.kookaburra.core\META-INF/MANIFEST.MF
change file  D:\Git\Gumtree\source\1.8\gumtree\bragg\kookaburra\au.gov.ansto.bragg.kookaburra.core.feature/feature.xml
change file  D:\Git\Gumtree\source\1.8\gumtree\bragg\kookaburra\au.gov.ansto.bragg.kookaburra.core.feature/pom.xml
change file  D:\Git\Gumtree\source\1.8\gumtree\bragg\kookaburra\au.gov.ansto.bragg.kookaburra.server/pom.xml
change file  D:\Git\Gumtree\source\1.8\gumtree\bragg\kookaburra\au.gov.ansto.bragg.kookaburra.server\META-INF/MANIFEST.MF
change file  D:\Git\Gumtree\source\1.8\gumtree\bragg\kookaburra\au.gov.ansto.bragg.kookaburra.ui/pom.xml
change file  D:\Git\Gumtree\source\1.8\gumtree\bragg\kookaburra\au.gov.ansto.bragg.kookaburra.ui\META-INF/MANIFEST.MF
change file  D:\Git\Gumtree\source\1.8\gumtree\bragg\kookaburra\au.gov.ansto.bragg.kookaburra.webserver/pom.xml
change file  D:\Git\Gumtree\source\1.8\gumtree\bragg\kookaburra\au.gov.ansto.bragg.kookaburra.webserver\META-INF/MANIFEST.MF
change file  D:\Git\Gumtree\source\1.8\gumtree\bragg\kookaburra\au.gov.ansto.bragg.kookaburra.webserver.feature/feature.xml
change file  D:\Git\Gumtree\source\1.8\gumtree\bragg\kookaburra\au.gov.ansto.bragg.kookaburra.webserver.feature/pom.xml
change file  D:\Git\Gumtree\source\1.8\gumtree\bragg\kookaburra\au.gov.ansto.bragg.kookaburra.workbench/pom.xml
change file  D:\Git\Gumtree\source\1.8\gumtree\bragg\kookaburra\au.gov.ansto.bragg.kookaburra.workbench\META-INF/MANIFEST.MF
change file  D:\Git\Gumtree\source\1.8\gumtree\bragg\kookaburra\au.gov.ansto.bragg.kookaburra.workbench.feature/feature.xml
change file  D:\Git\Gumtree\source\1.8\gumtree\bragg\kookaburra\au.gov.ansto.bragg.kookaburra.workbench.feature/pom.xml
change file  D:\Git\Gumtree\source\1.8\gumtree\bragg\kowari\au.gov.ansto.bragg.kowari.core/pom.xml
change file  D:\Git\Gumtree\source\1.8\gumtree\bragg\kowari\au.gov.ansto.bragg.kowari.core\META-INF/MANIFEST.MF
change file  D:\Git\Gumtree\source\1.8\gumtree\bragg\kowari\au.gov.ansto.bragg.kowari.core.feature/feature.xml
change file  D:\Git\Gumtree\source\1.8\gumtree\bragg\kowari\au.gov.ansto.bragg.kowari.core.feature/pom.xml
change file  D:\Git\Gumtree\source\1.8\gumtree\bragg\kowari\au.gov.ansto.bragg.kowari.dra/pom.xml
change file  D:\Git\Gumtree\source\1.8\gumtree\bragg\kowari\au.gov.ansto.bragg.kowari.dra\META-INF/MANIFEST.MF
change file  D:\Git\Gumtree\source\1.8\gumtree\bragg\kowari\au.gov.ansto.bragg.kowari.exp/pom.xml
change file  D:\Git\Gumtree\source\1.8\gumtree\bragg\kowari\au.gov.ansto.bragg.kowari.exp\META-INF/MANIFEST.MF
change file  D:\Git\Gumtree\source\1.8\gumtree\bragg\kowari\au.gov.ansto.bragg.kowari.server/pom.xml
change file  D:\Git\Gumtree\source\1.8\gumtree\bragg\kowari\au.gov.ansto.bragg.kowari.server\META-INF/MANIFEST.MF
change file  D:\Git\Gumtree\source\1.8\gumtree\bragg\kowari\au.gov.ansto.bragg.kowari.ui/pom.xml
change file  D:\Git\Gumtree\source\1.8\gumtree\bragg\kowari\au.gov.ansto.bragg.kowari.ui\META-INF/MANIFEST.MF
change file  D:\Git\Gumtree\source\1.8\gumtree\bragg\kowari\au.gov.ansto.bragg.kowari.webserver/pom.xml
change file  D:\Git\Gumtree\source\1.8\gumtree\bragg\kowari\au.gov.ansto.bragg.kowari.webserver\META-INF/MANIFEST.MF
change file  D:\Git\Gumtree\source\1.8\gumtree\bragg\kowari\au.gov.ansto.bragg.kowari.webserver.feature/feature.xml
change file  D:\Git\Gumtree\source\1.8\gumtree\bragg\kowari\au.gov.ansto.bragg.kowari.webserver.feature/pom.xml
change file  D:\Git\Gumtree\source\1.8\gumtree\bragg\kowari\au.gov.ansto.bragg.kowari.workbench/pom.xml
change file  D:\Git\Gumtree\source\1.8\gumtree\bragg\kowari\au.gov.ansto.bragg.kowari.workbench\META-INF/MANIFEST.MF
change file  D:\Git\Gumtree\source\1.8\gumtree\bragg\kowari\au.gov.ansto.bragg.kowari.workbench.feature/feature.xml
change file  D:\Git\Gumtree\source\1.8\gumtree\bragg\kowari\au.gov.ansto.bragg.kowari.workbench.feature/pom.xml
change file  D:\Git\Gumtree\source\1.8\gumtree\bragg\nbi\au.gov.ansto.bragg.nbi.algolib/pom.xml
change file  D:\Git\Gumtree\source\1.8\gumtree\bragg\nbi\au.gov.ansto.bragg.nbi.algolib\META-INF/MANIFEST.MF
change file  D:\Git\Gumtree\source\1.8\gumtree\bragg\nbi\au.gov.ansto.bragg.nbi.core/pom.xml
change file  D:\Git\Gumtree\source\1.8\gumtree\bragg\nbi\au.gov.ansto.bragg.nbi.core\META-INF/MANIFEST.MF
change file  D:\Git\Gumtree\source\1.8\gumtree\bragg\nbi\au.gov.ansto.bragg.nbi.core.feature/feature.xml
change file  D:\Git\Gumtree\source\1.8\gumtree\bragg\nbi\au.gov.ansto.bragg.nbi.core.feature/pom.xml
change file  D:\Git\Gumtree\source\1.8\gumtree\bragg\nbi\au.gov.ansto.bragg.nbi.doc.sics.powder/pom.xml
change file  D:\Git\Gumtree\source\1.8\gumtree\bragg\nbi\au.gov.ansto.bragg.nbi.doc.sics.powder\META-INF/MANIFEST.MF
change file  D:\Git\Gumtree\source\1.8\gumtree\bragg\nbi\au.gov.ansto.bragg.nbi.doc.sics.sans/pom.xml
change file  D:\Git\Gumtree\source\1.8\gumtree\bragg\nbi\au.gov.ansto.bragg.nbi.doc.sics.sans\META-INF/MANIFEST.MF
change file  D:\Git\Gumtree\source\1.8\gumtree\bragg\nbi\au.gov.ansto.bragg.nbi.doc.sics.tas/pom.xml
change file  D:\Git\Gumtree\source\1.8\gumtree\bragg\nbi\au.gov.ansto.bragg.nbi.doc.sics.tas\META-INF/MANIFEST.MF
change file  D:\Git\Gumtree\source\1.8\gumtree\bragg\nbi\au.gov.ansto.bragg.nbi.dra/pom.xml
change file  D:\Git\Gumtree\source\1.8\gumtree\bragg\nbi\au.gov.ansto.bragg.nbi.dra\META-INF/MANIFEST.MF
change file  D:\Git\Gumtree\source\1.8\gumtree\bragg\nbi\au.gov.ansto.bragg.nbi.scripts/pom.xml
change file  D:\Git\Gumtree\source\1.8\gumtree\bragg\nbi\au.gov.ansto.bragg.nbi.scripts\META-INF/MANIFEST.MF
change file  D:\Git\Gumtree\source\1.8\gumtree\bragg\nbi\au.gov.ansto.bragg.nbi.server/pom.xml
change file  D:\Git\Gumtree\source\1.8\gumtree\bragg\nbi\au.gov.ansto.bragg.nbi.server\META-INF/MANIFEST.MF
change file  D:\Git\Gumtree\source\1.8\gumtree\bragg\nbi\au.gov.ansto.bragg.nbi.ui/pom.xml
change file  D:\Git\Gumtree\source\1.8\gumtree\bragg\nbi\au.gov.ansto.bragg.nbi.ui\META-INF/MANIFEST.MF
change file  D:\Git\Gumtree\source\1.8\gumtree\bragg\nbi\au.gov.ansto.bragg.nbi.vaadin/pom.xml
change file  D:\Git\Gumtree\source\1.8\gumtree\bragg\nbi\au.gov.ansto.bragg.nbi.vaadin\META-INF/MANIFEST.MF
change file  D:\Git\Gumtree\source\1.8\gumtree\bragg\nbi\au.gov.ansto.bragg.nbi.webserver/pom.xml
change file  D:\Git\Gumtree\source\1.8\gumtree\bragg\nbi\au.gov.ansto.bragg.nbi.webserver\META-INF/MANIFEST.MF
change file  D:\Git\Gumtree\source\1.8\gumtree\bragg\nbi\au.gov.ansto.bragg.nbi.webserver.feature/feature.xml
change file  D:\Git\Gumtree\source\1.8\gumtree\bragg\nbi\au.gov.ansto.bragg.nbi.webserver.feature/pom.xml
change file  D:\Git\Gumtree\source\1.8\gumtree\bragg\nbi\au.gov.ansto.bragg.nbi.workbench/pom.xml
change file  D:\Git\Gumtree\source\1.8\gumtree\bragg\nbi\au.gov.ansto.bragg.nbi.workbench\META-INF/MANIFEST.MF
change file  D:\Git\Gumtree\source\1.8\gumtree\bragg\nbi\au.gov.ansto.bragg.nbi.workbench.feature/feature.xml
change file  D:\Git\Gumtree\source\1.8\gumtree\bragg\nbi\au.gov.ansto.bragg.nbi.workbench.feature/pom.xml
change file  D:\Git\Gumtree\source\1.8\gumtree\bragg\nbi\com.ostermiller.util/pom.xml
change file  D:\Git\Gumtree\source\1.8\gumtree\bragg\nbi\com.ostermiller.util\META-INF/MANIFEST.MF
change file  D:\Git\Gumtree\source\1.8\gumtree\bragg\nbi\de.kupzog.ktable/pom.xml
change file  D:\Git\Gumtree\source\1.8\gumtree\bragg\nbi\de.kupzog.ktable\META-INF/MANIFEST.MF
change file  D:\Git\Gumtree\source\1.8\gumtree\bragg\nbi\org.apache.poi/pom.xml
change file  D:\Git\Gumtree\source\1.8\gumtree\bragg\nbi\org.apache.poi\META-INF/MANIFEST.MF
change file  D:\Git\Gumtree\source\1.8\gumtree\bragg\nbi\org.gumtree.ui.cli/pom.xml
change file  D:\Git\Gumtree\source\1.8\gumtree\bragg\nbi\org.gumtree.ui.cli\META-INF/MANIFEST.MF
change file  D:\Git\Gumtree\source\1.8\gumtree\bragg\nbi\uk.ac.ucl.ee.flanagan/pom.xml
change file  D:\Git\Gumtree\source\1.8\gumtree\bragg\nbi\uk.ac.ucl.ee.flanagan\META-INF/MANIFEST.MF
change file  D:\Git\Gumtree\source\1.8\gumtree\bragg\pelican\au.gov.ansto.bragg.pelican.core/pom.xml
change file  D:\Git\Gumtree\source\1.8\gumtree\bragg\pelican\au.gov.ansto.bragg.pelican.core\META-INF/MANIFEST.MF
change file  D:\Git\Gumtree\source\1.8\gumtree\bragg\pelican\au.gov.ansto.bragg.pelican.core.feature/feature.xml
change file  D:\Git\Gumtree\source\1.8\gumtree\bragg\pelican\au.gov.ansto.bragg.pelican.core.feature/pom.xml
change file  D:\Git\Gumtree\source\1.8\gumtree\bragg\pelican\au.gov.ansto.bragg.pelican.exp/pom.xml
change file  D:\Git\Gumtree\source\1.8\gumtree\bragg\pelican\au.gov.ansto.bragg.pelican.exp\META-INF/MANIFEST.MF
change file  D:\Git\Gumtree\source\1.8\gumtree\bragg\pelican\au.gov.ansto.bragg.pelican.server/pom.xml
change file  D:\Git\Gumtree\source\1.8\gumtree\bragg\pelican\au.gov.ansto.bragg.pelican.server\META-INF/MANIFEST.MF
change file  D:\Git\Gumtree\source\1.8\gumtree\bragg\pelican\au.gov.ansto.bragg.pelican.ui/pom.xml
change file  D:\Git\Gumtree\source\1.8\gumtree\bragg\pelican\au.gov.ansto.bragg.pelican.ui\META-INF/MANIFEST.MF
change file  D:\Git\Gumtree\source\1.8\gumtree\bragg\pelican\au.gov.ansto.bragg.pelican.webserver/pom.xml
change file  D:\Git\Gumtree\source\1.8\gumtree\bragg\pelican\au.gov.ansto.bragg.pelican.webserver\META-INF/MANIFEST.MF
change file  D:\Git\Gumtree\source\1.8\gumtree\bragg\pelican\au.gov.ansto.bragg.pelican.webserver.feature/feature.xml
change file  D:\Git\Gumtree\source\1.8\gumtree\bragg\pelican\au.gov.ansto.bragg.pelican.webserver.feature/pom.xml
change file  D:\Git\Gumtree\source\1.8\gumtree\bragg\pelican\au.gov.ansto.bragg.pelican.workbench/pom.xml
change file  D:\Git\Gumtree\source\1.8\gumtree\bragg\pelican\au.gov.ansto.bragg.pelican.workbench\META-INF/MANIFEST.MF
change file  D:\Git\Gumtree\source\1.8\gumtree\bragg\pelican\au.gov.ansto.bragg.pelican.workbench.feature/feature.xml
change file  D:\Git\Gumtree\source\1.8\gumtree\bragg\pelican\au.gov.ansto.bragg.pelican.workbench.feature/pom.xml
change file  D:\Git\Gumtree\source\1.8\gumtree\bragg\platypus\au.gov.ansto.bragg.platypus.core/pom.xml
change file  D:\Git\Gumtree\source\1.8\gumtree\bragg\platypus\au.gov.ansto.bragg.platypus.core\META-INF/MANIFEST.MF
change file  D:\Git\Gumtree\source\1.8\gumtree\bragg\platypus\au.gov.ansto.bragg.platypus.core.feature/feature.xml
change file  D:\Git\Gumtree\source\1.8\gumtree\bragg\platypus\au.gov.ansto.bragg.platypus.core.feature/pom.xml
change file  D:\Git\Gumtree\source\1.8\gumtree\bragg\platypus\au.gov.ansto.bragg.platypus.server/pom.xml
change file  D:\Git\Gumtree\source\1.8\gumtree\bragg\platypus\au.gov.ansto.bragg.platypus.server\META-INF/MANIFEST.MF
change file  D:\Git\Gumtree\source\1.8\gumtree\bragg\platypus\au.gov.ansto.bragg.platypus.ui/pom.xml
change file  D:\Git\Gumtree\source\1.8\gumtree\bragg\platypus\au.gov.ansto.bragg.platypus.ui\META-INF/MANIFEST.MF
change file  D:\Git\Gumtree\source\1.8\gumtree\bragg\platypus\au.gov.ansto.bragg.platypus.webserver/pom.xml
change file  D:\Git\Gumtree\source\1.8\gumtree\bragg\platypus\au.gov.ansto.bragg.platypus.webserver\META-INF/MANIFEST.MF
change file  D:\Git\Gumtree\source\1.8\gumtree\bragg\platypus\au.gov.ansto.bragg.platypus.webserver.feature/feature.xml
change file  D:\Git\Gumtree\source\1.8\gumtree\bragg\platypus\au.gov.ansto.bragg.platypus.webserver.feature/pom.xml
change file  D:\Git\Gumtree\source\1.8\gumtree\bragg\platypus\au.gov.ansto.bragg.platypus.workbench/pom.xml
change file  D:\Git\Gumtree\source\1.8\gumtree\bragg\platypus\au.gov.ansto.bragg.platypus.workbench\META-INF/MANIFEST.MF
change file  D:\Git\Gumtree\source\1.8\gumtree\bragg\platypus\au.gov.ansto.bragg.platypus.workbench.feature/feature.xml
change file  D:\Git\Gumtree\source\1.8\gumtree\bragg\platypus\au.gov.ansto.bragg.platypus.workbench.feature/pom.xml
change file  D:\Git\Gumtree\source\1.8\gumtree\bragg\quokka\au.gov.ansto.bragg.quokka.algolib/pom.xml
change file  D:\Git\Gumtree\source\1.8\gumtree\bragg\quokka\au.gov.ansto.bragg.quokka.algolib\META-INF/MANIFEST.MF
change file  D:\Git\Gumtree\source\1.8\gumtree\bragg\quokka\au.gov.ansto.bragg.quokka.core/pom.xml
change file  D:\Git\Gumtree\source\1.8\gumtree\bragg\quokka\au.gov.ansto.bragg.quokka.core\META-INF/MANIFEST.MF
change file  D:\Git\Gumtree\source\1.8\gumtree\bragg\quokka\au.gov.ansto.bragg.quokka.core.feature/feature.xml
change file  D:\Git\Gumtree\source\1.8\gumtree\bragg\quokka\au.gov.ansto.bragg.quokka.core.feature/pom.xml
change file  D:\Git\Gumtree\source\1.8\gumtree\bragg\quokka\au.gov.ansto.bragg.quokka.core.tests\META-INF/MANIFEST.MF
change file  D:\Git\Gumtree\source\1.8\gumtree\bragg\quokka\au.gov.ansto.bragg.quokka.dra/pom.xml
change file  D:\Git\Gumtree\source\1.8\gumtree\bragg\quokka\au.gov.ansto.bragg.quokka.dra\META-INF/MANIFEST.MF
change file  D:\Git\Gumtree\source\1.8\gumtree\bragg\quokka\au.gov.ansto.bragg.quokka.exp/pom.xml
change file  D:\Git\Gumtree\source\1.8\gumtree\bragg\quokka\au.gov.ansto.bragg.quokka.exp\META-INF/MANIFEST.MF
change file  D:\Git\Gumtree\source\1.8\gumtree\bragg\quokka\au.gov.ansto.bragg.quokka.model/pom.xml
change file  D:\Git\Gumtree\source\1.8\gumtree\bragg\quokka\au.gov.ansto.bragg.quokka.model\META-INF/MANIFEST.MF
change file  D:\Git\Gumtree\source\1.8\gumtree\bragg\quokka\au.gov.ansto.bragg.quokka.server/pom.xml
change file  D:\Git\Gumtree\source\1.8\gumtree\bragg\quokka\au.gov.ansto.bragg.quokka.server\META-INF/MANIFEST.MF
change file  D:\Git\Gumtree\source\1.8\gumtree\bragg\quokka\au.gov.ansto.bragg.quokka.ui/pom.xml
change file  D:\Git\Gumtree\source\1.8\gumtree\bragg\quokka\au.gov.ansto.bragg.quokka.ui\META-INF/MANIFEST.MF
change file  D:\Git\Gumtree\source\1.8\gumtree\bragg\quokka\au.gov.ansto.bragg.quokka.webserver/pom.xml
change file  D:\Git\Gumtree\source\1.8\gumtree\bragg\quokka\au.gov.ansto.bragg.quokka.webserver\META-INF/MANIFEST.MF
change file  D:\Git\Gumtree\source\1.8\gumtree\bragg\quokka\au.gov.ansto.bragg.quokka.webserver.feature/feature.xml
change file  D:\Git\Gumtree\source\1.8\gumtree\bragg\quokka\au.gov.ansto.bragg.quokka.webserver.feature/pom.xml
change file  D:\Git\Gumtree\source\1.8\gumtree\bragg\quokka\au.gov.ansto.bragg.quokka.workbench/pom.xml
change file  D:\Git\Gumtree\source\1.8\gumtree\bragg\quokka\au.gov.ansto.bragg.quokka.workbench\META-INF/MANIFEST.MF
change file  D:\Git\Gumtree\source\1.8\gumtree\bragg\quokka\au.gov.ansto.bragg.quokka.workbench.feature/feature.xml
change file  D:\Git\Gumtree\source\1.8\gumtree\bragg\quokka\au.gov.ansto.bragg.quokka.workbench.feature/pom.xml
change file  D:\Git\Gumtree\source\1.8\gumtree\bragg\taipan\au.gov.ansto.bragg.taipan.core/pom.xml
change file  D:\Git\Gumtree\source\1.8\gumtree\bragg\taipan\au.gov.ansto.bragg.taipan.core\META-INF/MANIFEST.MF
change file  D:\Git\Gumtree\source\1.8\gumtree\bragg\taipan\au.gov.ansto.bragg.taipan.core.feature/feature.xml
change file  D:\Git\Gumtree\source\1.8\gumtree\bragg\taipan\au.gov.ansto.bragg.taipan.core.feature/pom.xml
change file  D:\Git\Gumtree\source\1.8\gumtree\bragg\taipan\au.gov.ansto.bragg.taipan.server/pom.xml
change file  D:\Git\Gumtree\source\1.8\gumtree\bragg\taipan\au.gov.ansto.bragg.taipan.server\META-INF/MANIFEST.MF
change file  D:\Git\Gumtree\source\1.8\gumtree\bragg\taipan\au.gov.ansto.bragg.taipan.ui/pom.xml
change file  D:\Git\Gumtree\source\1.8\gumtree\bragg\taipan\au.gov.ansto.bragg.taipan.ui\META-INF/MANIFEST.MF
change file  D:\Git\Gumtree\source\1.8\gumtree\bragg\taipan\au.gov.ansto.bragg.taipan.webserver/pom.xml
change file  D:\Git\Gumtree\source\1.8\gumtree\bragg\taipan\au.gov.ansto.bragg.taipan.webserver\META-INF/MANIFEST.MF
change file  D:\Git\Gumtree\source\1.8\gumtree\bragg\taipan\au.gov.ansto.bragg.taipan.webserver.feature/feature.xml
change file  D:\Git\Gumtree\source\1.8\gumtree\bragg\taipan\au.gov.ansto.bragg.taipan.webserver.feature/pom.xml
change file  D:\Git\Gumtree\source\1.8\gumtree\bragg\taipan\au.gov.ansto.bragg.taipan.workbench/pom.xml
change file  D:\Git\Gumtree\source\1.8\gumtree\bragg\taipan\au.gov.ansto.bragg.taipan.workbench\META-INF/MANIFEST.MF
change file  D:\Git\Gumtree\source\1.8\gumtree\bragg\taipan\au.gov.ansto.bragg.taipan.workbench.feature/feature.xml
change file  D:\Git\Gumtree\source\1.8\gumtree\bragg\taipan\au.gov.ansto.bragg.taipan.workbench.feature/pom.xml
change file  D:\Git\Gumtree\source\1.8\gumtree\bragg\wombat\au.gov.ansto.bragg.wombat.algolib/pom.xml
change file  D:\Git\Gumtree\source\1.8\gumtree\bragg\wombat\au.gov.ansto.bragg.wombat.algolib\META-INF/MANIFEST.MF
change file  D:\Git\Gumtree\source\1.8\gumtree\bragg\wombat\au.gov.ansto.bragg.wombat.core/pom.xml
change file  D:\Git\Gumtree\source\1.8\gumtree\bragg\wombat\au.gov.ansto.bragg.wombat.core\META-INF/MANIFEST.MF
change file  D:\Git\Gumtree\source\1.8\gumtree\bragg\wombat\au.gov.ansto.bragg.wombat.core.feature/feature.xml
change file  D:\Git\Gumtree\source\1.8\gumtree\bragg\wombat\au.gov.ansto.bragg.wombat.core.feature/pom.xml
change file  D:\Git\Gumtree\source\1.8\gumtree\bragg\wombat\au.gov.ansto.bragg.wombat.dra/pom.xml
change file  D:\Git\Gumtree\source\1.8\gumtree\bragg\wombat\au.gov.ansto.bragg.wombat.dra\META-INF/MANIFEST.MF
change file  D:\Git\Gumtree\source\1.8\gumtree\bragg\wombat\au.gov.ansto.bragg.wombat.exp/pom.xml
change file  D:\Git\Gumtree\source\1.8\gumtree\bragg\wombat\au.gov.ansto.bragg.wombat.exp\META-INF/MANIFEST.MF
change file  D:\Git\Gumtree\source\1.8\gumtree\bragg\wombat\au.gov.ansto.bragg.wombat.server/pom.xml
change file  D:\Git\Gumtree\source\1.8\gumtree\bragg\wombat\au.gov.ansto.bragg.wombat.server\META-INF/MANIFEST.MF
change file  D:\Git\Gumtree\source\1.8\gumtree\bragg\wombat\au.gov.ansto.bragg.wombat.ui/pom.xml
change file  D:\Git\Gumtree\source\1.8\gumtree\bragg\wombat\au.gov.ansto.bragg.wombat.ui\META-INF/MANIFEST.MF
change file  D:\Git\Gumtree\source\1.8\gumtree\bragg\wombat\au.gov.ansto.bragg.wombat.webserver/pom.xml
change file  D:\Git\Gumtree\source\1.8\gumtree\bragg\wombat\au.gov.ansto.bragg.wombat.webserver\META-INF/MANIFEST.MF
change file  D:\Git\Gumtree\source\1.8\gumtree\bragg\wombat\au.gov.ansto.bragg.wombat.webserver.feature/feature.xml
change file  D:\Git\Gumtree\source\1.8\gumtree\bragg\wombat\au.gov.ansto.bragg.wombat.webserver.feature/pom.xml
change file  D:\Git\Gumtree\source\1.8\gumtree\bragg\wombat\au.gov.ansto.bragg.wombat.workbench/pom.xml
change file  D:\Git\Gumtree\source\1.8\gumtree\bragg\wombat\au.gov.ansto.bragg.wombat.workbench\META-INF/MANIFEST.MF
change file  D:\Git\Gumtree\source\1.8\gumtree\bragg\wombat\au.gov.ansto.bragg.wombat.workbench.feature/feature.xml
change file  D:\Git\Gumtree\source\1.8\gumtree\bragg\wombat\au.gov.ansto.bragg.wombat.workbench.feature/pom.xml
change file  D:\Git\Gumtree\source\1.8\gumtree\framework\applications\de.huxhorn.lilith.logback/pom.xml
change file  D:\Git\Gumtree\source\1.8\gumtree\framework\applications\de.huxhorn.lilith.logback\META-INF/MANIFEST.MF
change file  D:\Git\Gumtree\source\1.8\gumtree\framework\applications\net.jeeeyul.eclipse.themes/pom.xml
change file  D:\Git\Gumtree\source\1.8\gumtree\framework\applications\net.jeeeyul.eclipse.themes\META-INF/MANIFEST.MF
change file  D:\Git\Gumtree\source\1.8\gumtree\framework\applications\org.apache.commons.configuration/pom.xml
change file  D:\Git\Gumtree\source\1.8\gumtree\framework\applications\org.apache.commons.configuration\META-INF/MANIFEST.MF
change file  D:\Git\Gumtree\source\1.8\gumtree\framework\applications\org.gumtree.app.osgi/pom.xml
change file  D:\Git\Gumtree\source\1.8\gumtree\framework\applications\org.gumtree.app.osgi\META-INF/MANIFEST.MF
change file  D:\Git\Gumtree\source\1.8\gumtree\framework\applications\org.gumtree.app.osgi.feature/feature.xml
change file  D:\Git\Gumtree\source\1.8\gumtree\framework\applications\org.gumtree.app.osgi.feature/pom.xml
change file  D:\Git\Gumtree\source\1.8\gumtree\framework\applications\org.gumtree.app.runtime/pom.xml
change file  D:\Git\Gumtree\source\1.8\gumtree\framework\applications\org.gumtree.app.runtime\META-INF/MANIFEST.MF
change file  D:\Git\Gumtree\source\1.8\gumtree\framework\applications\org.gumtree.app.runtime.feature/feature.xml
change file  D:\Git\Gumtree\source\1.8\gumtree\framework\applications\org.gumtree.app.runtime.feature/pom.xml
change file  D:\Git\Gumtree\source\1.8\gumtree\framework\applications\org.gumtree.app.runtime.tests/pom.xml
change file  D:\Git\Gumtree\source\1.8\gumtree\framework\applications\org.gumtree.app.runtime.tests\META-INF/MANIFEST.MF
change file  D:\Git\Gumtree\source\1.8\gumtree\framework\applications\org.gumtree.app.scriptrunner/pom.xml
change file  D:\Git\Gumtree\source\1.8\gumtree\framework\applications\org.gumtree.app.scriptrunner\META-INF/MANIFEST.MF
change file  D:\Git\Gumtree\source\1.8\gumtree\framework\applications\org.gumtree.app.scriptrunner.feature/feature.xml
change file  D:\Git\Gumtree\source\1.8\gumtree\framework\applications\org.gumtree.app.scriptrunner.feature/pom.xml
change file  D:\Git\Gumtree\source\1.8\gumtree\framework\applications\org.gumtree.app.webserver/pom.xml
change file  D:\Git\Gumtree\source\1.8\gumtree\framework\applications\org.gumtree.app.webserver\META-INF/MANIFEST.MF
change file  D:\Git\Gumtree\source\1.8\gumtree\framework\applications\org.gumtree.app.webserver.feature/feature.xml
change file  D:\Git\Gumtree\source\1.8\gumtree\framework\applications\org.gumtree.app.webserver.feature/pom.xml
change file  D:\Git\Gumtree\source\1.8\gumtree\framework\applications\org.gumtree.app.workbench/pom.xml
change file  D:\Git\Gumtree\source\1.8\gumtree\framework\applications\org.gumtree.app.workbench\META-INF/MANIFEST.MF
change file  D:\Git\Gumtree\source\1.8\gumtree\framework\applications\org.gumtree.app.workbench.feature/feature.xml
change file  D:\Git\Gumtree\source\1.8\gumtree\framework\applications\org.gumtree.app.workbench.feature/pom.xml
change file  D:\Git\Gumtree\source\1.8\gumtree\framework\build\org.gumtree.framework.module/pom.xml
change file  D:\Git\Gumtree\source\1.8\gumtree\framework\build\org.gumtree.framework.sources.feature/feature.xml
change file  D:\Git\Gumtree\source\1.8\gumtree\framework\build\org.gumtree.framework.sources.feature/pom.xml
change file  D:\Git\Gumtree\source\1.8\gumtree\framework\common\com.db4o.osgi/pom.xml
change file  D:\Git\Gumtree\source\1.8\gumtree\framework\common\com.db4o.osgi\META-INF/MANIFEST.MF
change file  D:\Git\Gumtree\source\1.8\gumtree\framework\common\com.github.wolfie.refresher/pom.xml
change file  D:\Git\Gumtree\source\1.8\gumtree\framework\common\com.github.wolfie.refresher\META-INF/MANIFEST.MF
change file  D:\Git\Gumtree\source\1.8\gumtree\framework\common\com.google.gson/pom.xml
change file  D:\Git\Gumtree\source\1.8\gumtree\framework\common\com.google.gson\META-INF/MANIFEST.MF
change file  D:\Git\Gumtree\source\1.8\gumtree\framework\common\com.google.guava/pom.xml
change file  D:\Git\Gumtree\source\1.8\gumtree\framework\common\com.google.guava\META-INF/MANIFEST.MF
change file  D:\Git\Gumtree\source\1.8\gumtree\framework\common\com.thoughtworks.xstream/pom.xml
change file  D:\Git\Gumtree\source\1.8\gumtree\framework\common\com.thoughtworks.xstream\META-INF/MANIFEST.MF
change file  D:\Git\Gumtree\source\1.8\gumtree\framework\common\com.vaadin.addon/pom.xml
change file  D:\Git\Gumtree\source\1.8\gumtree\framework\common\com.vaadin.addon\META-INF/MANIFEST.MF
change file  D:\Git\Gumtree\source\1.8\gumtree\framework\common\com.vaadin.touchkit/pom.xml
change file  D:\Git\Gumtree\source\1.8\gumtree\framework\common\com.vaadin.touchkit\META-INF/MANIFEST.MF
change file  D:\Git\Gumtree\source\1.8\gumtree\framework\common\net.sourceforge.nattable/pom.xml
change file  D:\Git\Gumtree\source\1.8\gumtree\framework\common\net.sourceforge.nattable\META-INF/MANIFEST.MF
change file  D:\Git\Gumtree\source\1.8\gumtree\framework\common\org.apache.commons.io/pom.xml
change file  D:\Git\Gumtree\source\1.8\gumtree\framework\common\org.apache.commons.io\META-INF/MANIFEST.MF
change file  D:\Git\Gumtree\source\1.8\gumtree\framework\common\org.apache.commons.io\META-INF\maven\commons-io\commons-io/pom.xml
change file  D:\Git\Gumtree\source\1.8\gumtree\framework\common\org.eclemma.runtime.equinox/pom.xml
change file  D:\Git\Gumtree\source\1.8\gumtree\framework\common\org.eclemma.runtime.equinox\META-INF/MANIFEST.MF
change file  D:\Git\Gumtree\source\1.8\gumtree\framework\common\org.eclipse.nebula.jface/pom.xml
change file  D:\Git\Gumtree\source\1.8\gumtree\framework\common\org.eclipse.nebula.jface\META-INF/MANIFEST.MF
change file  D:\Git\Gumtree\source\1.8\gumtree\framework\common\org.eclipse.nebula.widgets/pom.xml
change file  D:\Git\Gumtree\source\1.8\gumtree\framework\common\org.eclipse.nebula.widgets\META-INF/MANIFEST.MF
change file  D:\Git\Gumtree\source\1.8\gumtree\framework\common\org.freehep.j3d/pom.xml
change file  D:\Git\Gumtree\source\1.8\gumtree\framework\common\org.freehep.j3d\META-INF/MANIFEST.MF
change file  D:\Git\Gumtree\source\1.8\gumtree\framework\common\org.freehep.jas.jas3/pom.xml
change file  D:\Git\Gumtree\source\1.8\gumtree\framework\common\org.freehep.jas.jas3\META-INF/MANIFEST.MF
change file  D:\Git\Gumtree\source\1.8\gumtree\framework\common\org.freehep.jas.jas3.linux.x86/pom.xml
change file  D:\Git\Gumtree\source\1.8\gumtree\framework\common\org.freehep.jas.jas3.linux.x86\META-INF/MANIFEST.MF
change file  D:\Git\Gumtree\source\1.8\gumtree\framework\common\org.freehep.jas.jas3.macosx.x86/pom.xml
change file  D:\Git\Gumtree\source\1.8\gumtree\framework\common\org.freehep.jas.jas3.macosx.x86\META-INF/MANIFEST.MF
change file  D:\Git\Gumtree\source\1.8\gumtree\framework\common\org.freehep.jas.jas3.win32.x86/pom.xml
change file  D:\Git\Gumtree\source\1.8\gumtree\framework\common\org.freehep.jas.jas3.win32.x86\META-INF/MANIFEST.MF
change file  D:\Git\Gumtree\source\1.8\gumtree\framework\common\org.gumtree.common.core.feature/feature.xml
change file  D:\Git\Gumtree\source\1.8\gumtree\framework\common\org.gumtree.common.core.feature/pom.xml
change file  D:\Git\Gumtree\source\1.8\gumtree\framework\common\org.gumtree.common.server.feature/feature.xml
change file  D:\Git\Gumtree\source\1.8\gumtree\framework\common\org.gumtree.common.server.feature/pom.xml
change file  D:\Git\Gumtree\source\1.8\gumtree\framework\common\org.gumtree.common.ui.feature/feature.xml
change file  D:\Git\Gumtree\source\1.8\gumtree\framework\common\org.gumtree.common.ui.feature/pom.xml
change file  D:\Git\Gumtree\source\1.8\gumtree\framework\common\org.gumtree.core/pom.xml
change file  D:\Git\Gumtree\source\1.8\gumtree\framework\common\org.gumtree.core\META-INF/MANIFEST.MF
change file  D:\Git\Gumtree\source\1.8\gumtree\framework\common\org.gumtree.core.tests/pom.xml
change file  D:\Git\Gumtree\source\1.8\gumtree\framework\common\org.gumtree.core.tests\META-INF/MANIFEST.MF
change file  D:\Git\Gumtree\source\1.8\gumtree\framework\common\org.gumtree.data.core/pom.xml
change file  D:\Git\Gumtree\source\1.8\gumtree\framework\common\org.gumtree.data.core\META-INF/MANIFEST.MF
change file  D:\Git\Gumtree\source\1.8\gumtree\framework\common\org.gumtree.data.core.tests/pom.xml
change file  D:\Git\Gumtree\source\1.8\gumtree\framework\common\org.gumtree.data.core.tests\META-INF/MANIFEST.MF
change file  D:\Git\Gumtree\source\1.8\gumtree\framework\common\org.gumtree.data.impl.netcdf/pom.xml
change file  D:\Git\Gumtree\source\1.8\gumtree\framework\common\org.gumtree.data.impl.netcdf\bin\META-INF/MANIFEST.MF
change file  D:\Git\Gumtree\source\1.8\gumtree\framework\common\org.gumtree.data.impl.netcdf\META-INF/MANIFEST.MF
change file  D:\Git\Gumtree\source\1.8\gumtree\framework\common\org.gumtree.data.impl.netcdf.tests/pom.xml
change file  D:\Git\Gumtree\source\1.8\gumtree\framework\common\org.gumtree.data.impl.netcdf.tests\META-INF/MANIFEST.MF
change file  D:\Git\Gumtree\source\1.8\gumtree\framework\common\org.gumtree.data.nexus/pom.xml
change file  D:\Git\Gumtree\source\1.8\gumtree\framework\common\org.gumtree.data.nexus\META-INF/MANIFEST.MF
change file  D:\Git\Gumtree\source\1.8\gumtree\framework\common\org.gumtree.data.nexus.ui/pom.xml
change file  D:\Git\Gumtree\source\1.8\gumtree\framework\common\org.gumtree.data.nexus.ui\META-INF/MANIFEST.MF
change file  D:\Git\Gumtree\source\1.8\gumtree\framework\common\org.gumtree.data.ui/pom.xml
change file  D:\Git\Gumtree\source\1.8\gumtree\framework\common\org.gumtree.data.ui\META-INF/MANIFEST.MF
change file  D:\Git\Gumtree\source\1.8\gumtree\framework\common\org.gumtree.data.ui.viewers/pom.xml
change file  D:\Git\Gumtree\source\1.8\gumtree\framework\common\org.gumtree.data.ui.viewers\META-INF/MANIFEST.MF
change file  D:\Git\Gumtree\source\1.8\gumtree\framework\common\org.gumtree.server/pom.xml
change file  D:\Git\Gumtree\source\1.8\gumtree\framework\common\org.gumtree.server\META-INF/MANIFEST.MF
change file  D:\Git\Gumtree\source\1.8\gumtree\framework\common\org.gumtree.server.tests/pom.xml
change file  D:\Git\Gumtree\source\1.8\gumtree\framework\common\org.gumtree.server.tests\META-INF/MANIFEST.MF
change file  D:\Git\Gumtree\source\1.8\gumtree\framework\common\org.gumtree.ui/pom.xml
change file  D:\Git\Gumtree\source\1.8\gumtree\framework\common\org.gumtree.ui\META-INF/MANIFEST.MF
change file  D:\Git\Gumtree\source\1.8\gumtree\framework\common\org.gumtree.ui.tests/pom.xml
change file  D:\Git\Gumtree\source\1.8\gumtree\framework\common\org.gumtree.ui.tests\META-INF/MANIFEST.MF
change file  D:\Git\Gumtree\source\1.8\gumtree\framework\common\org.gumtree.vis.core/pom.xml
change file  D:\Git\Gumtree\source\1.8\gumtree\framework\common\org.gumtree.vis.core\META-INF/MANIFEST.MF
change file  D:\Git\Gumtree\source\1.8\gumtree\framework\common\org.gumtree.vis.gdm/pom.xml
change file  D:\Git\Gumtree\source\1.8\gumtree\framework\common\org.gumtree.vis.gdm\META-INF/MANIFEST.MF
change file  D:\Git\Gumtree\source\1.8\gumtree\framework\common\org.gumtree.vis.nexus/pom.xml
change file  D:\Git\Gumtree\source\1.8\gumtree\framework\common\org.gumtree.vis.nexus\META-INF/MANIFEST.MF
change file  D:\Git\Gumtree\source\1.8\gumtree\framework\common\org.gumtree.widgets/pom.xml
change file  D:\Git\Gumtree\source\1.8\gumtree\framework\common\org.gumtree.widgets\META-INF/MANIFEST.MF
change file  D:\Git\Gumtree\source\1.8\gumtree\framework\common\org.gumtree.workflow.ui/pom.xml
change file  D:\Git\Gumtree\source\1.8\gumtree\framework\common\org.gumtree.workflow.ui\META-INF/MANIFEST.MF
change file  D:\Git\Gumtree\source\1.8\gumtree\framework\common\org.jfree.chart/pom.xml
change file  D:\Git\Gumtree\source\1.8\gumtree\framework\common\org.jfree.chart\classes\org\jfree\data\xy/pom.xml
change file  D:\Git\Gumtree\source\1.8\gumtree\framework\common\org.jfree.chart\META-INF/MANIFEST.MF
change file  D:\Git\Gumtree\source\1.8\gumtree\framework\common\org.jfree.common/pom.xml
change file  D:\Git\Gumtree\source\1.8\gumtree\framework\common\org.jfree.common\META-INF/MANIFEST.MF
change file  D:\Git\Gumtree\source\1.8\gumtree\framework\common\org.vaadin.osgi.touchkit/pom.xml
change file  D:\Git\Gumtree\source\1.8\gumtree\framework\common\org.vaadin.osgi.touchkit\META-INF/MANIFEST.MF
change file  D:\Git\Gumtree\source\1.8\gumtree\framework\common\ucar.netcdf/pom.xml
change file  D:\Git\Gumtree\source\1.8\gumtree\framework\common\ucar.netcdf\classes\META-INF/MANIFEST.MF
change file  D:\Git\Gumtree\source\1.8\gumtree\framework\common\ucar.netcdf\META-INF/MANIFEST.MF
change file  D:\Git\Gumtree\source\1.8\gumtree\framework\dae\org.gumtree.dae.core/pom.xml
change file  D:\Git\Gumtree\source\1.8\gumtree\framework\dae\org.gumtree.dae.core\META-INF/MANIFEST.MF
change file  D:\Git\Gumtree\source\1.8\gumtree\framework\dae\org.gumtree.dae.core.feature/feature.xml
change file  D:\Git\Gumtree\source\1.8\gumtree\framework\dae\org.gumtree.dae.core.feature/pom.xml
change file  D:\Git\Gumtree\source\1.8\gumtree\framework\dae\org.gumtree.dae.server/pom.xml
change file  D:\Git\Gumtree\source\1.8\gumtree\framework\dae\org.gumtree.dae.server\META-INF/MANIFEST.MF
change file  D:\Git\Gumtree\source\1.8\gumtree\framework\dae\org.gumtree.dae.server.feature/feature.xml
change file  D:\Git\Gumtree\source\1.8\gumtree\framework\dae\org.gumtree.dae.server.feature/pom.xml
change file  D:\Git\Gumtree\source\1.8\gumtree\framework\extensions\javafx/pom.xml
change file  D:\Git\Gumtree\source\1.8\gumtree\framework\extensions\javafx\META-INF/MANIFEST.MF
change file  D:\Git\Gumtree\source\1.8\gumtree\framework\extensions\javafx.macosx.x86_64/pom.xml
change file  D:\Git\Gumtree\source\1.8\gumtree\framework\extensions\javafx.macosx.x86_64\META-INF/MANIFEST.MF
change file  D:\Git\Gumtree\source\1.8\gumtree\framework\extensions\javafx.win32.x86/pom.xml
change file  D:\Git\Gumtree\source\1.8\gumtree\framework\extensions\javafx.win32.x86\META-INF/MANIFEST.MF
change file  D:\Git\Gumtree\source\1.8\gumtree\framework\extensions\javafx.win32.x86_64/pom.xml
change file  D:\Git\Gumtree\source\1.8\gumtree\framework\extensions\javafx.win32.x86_64\META-INF/MANIFEST.MF
change file  D:\Git\Gumtree\source\1.8\gumtree\framework\extensions\org.beanshell/pom.xml
change file  D:\Git\Gumtree\source\1.8\gumtree\framework\extensions\org.beanshell\META-INF/MANIFEST.MF
change file  D:\Git\Gumtree\source\1.8\gumtree\framework\extensions\org.gumtree.beanshell.core/pom.xml
change file  D:\Git\Gumtree\source\1.8\gumtree\framework\extensions\org.gumtree.beanshell.core\META-INF/MANIFEST.MF
change file  D:\Git\Gumtree\source\1.8\gumtree\framework\extensions\org.gumtree.beanshell.core.feature/feature.xml
change file  D:\Git\Gumtree\source\1.8\gumtree\framework\extensions\org.gumtree.beanshell.core.feature/pom.xml
change file  D:\Git\Gumtree\source\1.8\gumtree\framework\extensions\org.gumtree.e4tools.feature/feature.xml
change file  D:\Git\Gumtree\source\1.8\gumtree\framework\extensions\org.gumtree.e4tools.feature/pom.xml
change file  D:\Git\Gumtree\source\1.8\gumtree\framework\extensions\org.gumtree.github.feature/feature.xml
change file  D:\Git\Gumtree\source\1.8\gumtree\framework\extensions\org.gumtree.github.feature/pom.xml
change file  D:\Git\Gumtree\source\1.8\gumtree\framework\extensions\org.gumtree.javafx.feature/feature.xml
change file  D:\Git\Gumtree\source\1.8\gumtree\framework\extensions\org.gumtree.javafx.feature/pom.xml
change file  D:\Git\Gumtree\source\1.8\gumtree\framework\extensions\org.gumtree.jython.core/pom.xml
change file  D:\Git\Gumtree\source\1.8\gumtree\framework\extensions\org.gumtree.jython.core\META-INF/MANIFEST.MF
change file  D:\Git\Gumtree\source\1.8\gumtree\framework\extensions\org.gumtree.jython.core.feature/feature.xml
change file  D:\Git\Gumtree\source\1.8\gumtree\framework\extensions\org.gumtree.jython.core.feature/pom.xml
change file  D:\Git\Gumtree\source\1.8\gumtree\framework\extensions\org.gumtree.jython.ui/pom.xml
change file  D:\Git\Gumtree\source\1.8\gumtree\framework\extensions\org.gumtree.jython.ui\META-INF/MANIFEST.MF
change file  D:\Git\Gumtree\source\1.8\gumtree\framework\extensions\org.gumtree.jython.ui.feature/feature.xml
change file  D:\Git\Gumtree\source\1.8\gumtree\framework\extensions\org.gumtree.jython.ui.feature/pom.xml
change file  D:\Git\Gumtree\source\1.8\gumtree\framework\extensions\org.gumtree.passerelle.feature/feature.xml
change file  D:\Git\Gumtree\source\1.8\gumtree\framework\extensions\org.gumtree.passerelle.feature/pom.xml
change file  D:\Git\Gumtree\source\1.8\gumtree\framework\extensions\org.gumtree.pydev.configurator/pom.xml
change file  D:\Git\Gumtree\source\1.8\gumtree\framework\extensions\org.gumtree.pydev.configurator\META-INF/MANIFEST.MF
change file  D:\Git\Gumtree\source\1.8\gumtree\framework\extensions\org.gumtree.pydev.feature/feature.xml
change file  D:\Git\Gumtree\source\1.8\gumtree\framework\extensions\org.gumtree.pydev.feature/pom.xml
change file  D:\Git\Gumtree\source\1.8\gumtree\framework\extensions\org.gumtree.tcl.feature/feature.xml
change file  D:\Git\Gumtree\source\1.8\gumtree\framework\extensions\org.gumtree.tcl.feature/pom.xml
change file  D:\Git\Gumtree\source\1.8\gumtree\framework\extensions\org.gumtree.xml.feature/feature.xml
change file  D:\Git\Gumtree\source\1.8\gumtree\framework\extensions\org.gumtree.xml.feature/pom.xml
change file  D:\Git\Gumtree\source\1.8\gumtree\framework\extensions\org.gumtree.xygraph/pom.xml
change file  D:\Git\Gumtree\source\1.8\gumtree\framework\extensions\org.gumtree.xygraph\META-INF/MANIFEST.MF
change file  D:\Git\Gumtree\source\1.8\gumtree\framework\extensions\org.gumtree.xygraph.feature/feature.xml
change file  D:\Git\Gumtree\source\1.8\gumtree\framework\extensions\org.gumtree.xygraph.feature/pom.xml
change file  D:\Git\Gumtree\source\1.8\gumtree\framework\extensions\org.python.jython/pom.xml
change file  D:\Git\Gumtree\source\1.8\gumtree\framework\extensions\org.python.jython\META-INF/MANIFEST.MF
change file  D:\Git\Gumtree\source\1.8\gumtree\framework\gumpy\org.gumtree.gumpy.feature/feature.xml
change file  D:\Git\Gumtree\source\1.8\gumtree\framework\gumpy\org.gumtree.gumpy.feature/pom.xml
change file  D:\Git\Gumtree\source\1.8\gumtree\framework\gumpy\org.gumtree.gumpy.scripts/pom.xml
change file  D:\Git\Gumtree\source\1.8\gumtree\framework\gumpy\org.gumtree.gumpy.scripts\META-INF/MANIFEST.MF
change file  D:\Git\Gumtree\source\1.8\gumtree\framework\gumpy\org.gumtree.gumpy.scripts.tests/pom.xml
change file  D:\Git\Gumtree\source\1.8\gumtree\framework\gumpy\org.gumtree.gumpy.scripts.tests\META-INF/MANIFEST.MF
change file  D:\Git\Gumtree\source\1.8\gumtree\framework\processor\au.gov.ansto.bragg.base.common/pom.xml
change file  D:\Git\Gumtree\source\1.8\gumtree\framework\processor\au.gov.ansto.bragg.base.common\META-INF/MANIFEST.MF
change file  D:\Git\Gumtree\source\1.8\gumtree\framework\processor\au.gov.ansto.bragg.cicada/pom.xml
change file  D:\Git\Gumtree\source\1.8\gumtree\framework\processor\au.gov.ansto.bragg.cicada\META-INF/MANIFEST.MF
change file  D:\Git\Gumtree\source\1.8\gumtree\framework\processor\au.gov.ansto.bragg.cicada.dam/pom.xml
change file  D:\Git\Gumtree\source\1.8\gumtree\framework\processor\au.gov.ansto.bragg.cicada.dam\META-INF/MANIFEST.MF
change file  D:\Git\Gumtree\source\1.8\gumtree\framework\processor\au.gov.ansto.bragg.cicada.dom/pom.xml
change file  D:\Git\Gumtree\source\1.8\gumtree\framework\processor\au.gov.ansto.bragg.cicada.dom\META-INF/MANIFEST.MF
change file  D:\Git\Gumtree\source\1.8\gumtree\framework\processor\au.gov.ansto.bragg.cicada.dra/pom.xml
change file  D:\Git\Gumtree\source\1.8\gumtree\framework\processor\au.gov.ansto.bragg.cicada.dra\META-INF/MANIFEST.MF
change file  D:\Git\Gumtree\source\1.8\gumtree\framework\processor\au.gov.ansto.bragg.datastructures/pom.xml
change file  D:\Git\Gumtree\source\1.8\gumtree\framework\processor\au.gov.ansto.bragg.datastructures\META-INF/MANIFEST.MF
change file  D:\Git\Gumtree\source\1.8\gumtree\framework\processor\au.gov.ansto.bragg.errorpropagation/pom.xml
change file  D:\Git\Gumtree\source\1.8\gumtree\framework\processor\au.gov.ansto.bragg.errorpropagation\META-INF/MANIFEST.MF
change file  D:\Git\Gumtree\source\1.8\gumtree\framework\processor\au.gov.ansto.bragg.freehep.jas3/pom.xml
change file  D:\Git\Gumtree\source\1.8\gumtree\framework\processor\au.gov.ansto.bragg.freehep.jas3\META-INF/MANIFEST.MF
change file  D:\Git\Gumtree\source\1.8\gumtree\framework\processor\au.gov.ansto.bragg.kakadu.core/pom.xml
change file  D:\Git\Gumtree\source\1.8\gumtree\framework\processor\au.gov.ansto.bragg.kakadu.core\META-INF/MANIFEST.MF
change file  D:\Git\Gumtree\source\1.8\gumtree\framework\processor\au.gov.ansto.bragg.kakadu.doc/pom.xml
change file  D:\Git\Gumtree\source\1.8\gumtree\framework\processor\au.gov.ansto.bragg.kakadu.doc\META-INF/MANIFEST.MF
change file  D:\Git\Gumtree\source\1.8\gumtree\framework\processor\au.gov.ansto.bragg.kakadu.dom/pom.xml
change file  D:\Git\Gumtree\source\1.8\gumtree\framework\processor\au.gov.ansto.bragg.kakadu.dom\META-INF/MANIFEST.MF
change file  D:\Git\Gumtree\source\1.8\gumtree\framework\processor\au.gov.ansto.bragg.kakadu.ui/pom.xml
change file  D:\Git\Gumtree\source\1.8\gumtree\framework\processor\au.gov.ansto.bragg.kakadu.ui\META-INF/MANIFEST.MF
change file  D:\Git\Gumtree\source\1.8\gumtree\framework\processor\au.gov.ansto.bragg.process/pom.xml
change file  D:\Git\Gumtree\source\1.8\gumtree\framework\processor\au.gov.ansto.bragg.process\META-INF/MANIFEST.MF
change file  D:\Git\Gumtree\source\1.8\gumtree\framework\processor\au.gov.ansto.bragg.process\src\au\gov\ansto\bragg\process\common\META-INF/MANIFEST.MF
change file  D:\Git\Gumtree\source\1.8\gumtree\framework\processor\org.gumtree.data.ansto/pom.xml
change file  D:\Git\Gumtree\source\1.8\gumtree\framework\processor\org.gumtree.data.ansto\META-INF/MANIFEST.MF
change file  D:\Git\Gumtree\source\1.8\gumtree\framework\processor\org.gumtree.processor.core.feature/feature.xml
change file  D:\Git\Gumtree\source\1.8\gumtree\framework\processor\org.gumtree.processor.core.feature/pom.xml
change file  D:\Git\Gumtree\source\1.8\gumtree\framework\processor\org.gumtree.processor.ui.feature/feature.xml
change file  D:\Git\Gumtree\source\1.8\gumtree\framework\processor\org.gumtree.processor.ui.feature/pom.xml
change file  D:\Git\Gumtree\source\1.8\gumtree\framework\sics\ch.psi.sics.hipadaba/pom.xml
change file  D:\Git\Gumtree\source\1.8\gumtree\framework\sics\ch.psi.sics.hipadaba\META-INF/MANIFEST.MF
change file  D:\Git\Gumtree\source\1.8\gumtree\framework\sics\ch.psi.sics.hipadaba.edit/pom.xml
change file  D:\Git\Gumtree\source\1.8\gumtree\framework\sics\ch.psi.sics.hipadaba.edit\META-INF/MANIFEST.MF
change file  D:\Git\Gumtree\source\1.8\gumtree\framework\sics\ch.psi.sics.hipadaba.editor/pom.xml
change file  D:\Git\Gumtree\source\1.8\gumtree\framework\sics\ch.psi.sics.hipadaba.editor\META-INF/MANIFEST.MF
change file  D:\Git\Gumtree\source\1.8\gumtree\framework\sics\ch.unifr.nio.framework/pom.xml
change file  D:\Git\Gumtree\source\1.8\gumtree\framework\sics\ch.unifr.nio.framework\META-INF/MANIFEST.MF
change file  D:\Git\Gumtree\source\1.8\gumtree\framework\sics\org.gumtree.gumnix.sics/pom.xml
change file  D:\Git\Gumtree\source\1.8\gumtree\framework\sics\org.gumtree.gumnix.sics\META-INF/MANIFEST.MF
change file  D:\Git\Gumtree\source\1.8\gumtree\framework\sics\org.gumtree.gumnix.sics.batch.ui/pom.xml
change file  D:\Git\Gumtree\source\1.8\gumtree\framework\sics\org.gumtree.gumnix.sics.batch.ui\META-INF/MANIFEST.MF
change file  D:\Git\Gumtree\source\1.8\gumtree\framework\sics\org.gumtree.gumnix.sics.core/pom.xml
change file  D:\Git\Gumtree\source\1.8\gumtree\framework\sics\org.gumtree.gumnix.sics.core\META-INF/MANIFEST.MF
change file  D:\Git\Gumtree\source\1.8\gumtree\framework\sics\org.gumtree.gumnix.sics.doc.user/pom.xml
change file  D:\Git\Gumtree\source\1.8\gumtree\framework\sics\org.gumtree.gumnix.sics.doc.user\META-INF/MANIFEST.MF
change file  D:\Git\Gumtree\source\1.8\gumtree\framework\sics\org.gumtree.gumnix.sics.dom/pom.xml
change file  D:\Git\Gumtree\source\1.8\gumtree\framework\sics\org.gumtree.gumnix.sics.dom\META-INF/MANIFEST.MF
change file  D:\Git\Gumtree\source\1.8\gumtree\framework\sics\org.gumtree.gumnix.sics.simulator\META-INF/MANIFEST.MF
change file  D:\Git\Gumtree\source\1.8\gumtree\framework\sics\org.gumtree.gumnix.sics.ui/pom.xml
change file  D:\Git\Gumtree\source\1.8\gumtree\framework\sics\org.gumtree.gumnix.sics.ui\META-INF/MANIFEST.MF
change file  D:\Git\Gumtree\source\1.8\gumtree\framework\sics\org.gumtree.gumnix.sics.ui.transaction/pom.xml
change file  D:\Git\Gumtree\source\1.8\gumtree\framework\sics\org.gumtree.gumnix.sics.ui.transaction\META-INF/MANIFEST.MF
change file  D:\Git\Gumtree\source\1.8\gumtree\framework\sics\org.gumtree.gumnix.sics.widgets/pom.xml
change file  D:\Git\Gumtree\source\1.8\gumtree\framework\sics\org.gumtree.gumnix.sics.widgets\META-INF/MANIFEST.MF
change file  D:\Git\Gumtree\source\1.8\gumtree\framework\sics\org.gumtree.sics.core/pom.xml
change file  D:\Git\Gumtree\source\1.8\gumtree\framework\sics\org.gumtree.sics.core\META-INF/MANIFEST.MF
change file  D:\Git\Gumtree\source\1.8\gumtree\framework\sics\org.gumtree.sics.core.feature/feature.xml
change file  D:\Git\Gumtree\source\1.8\gumtree\framework\sics\org.gumtree.sics.core.feature/pom.xml
change file  D:\Git\Gumtree\source\1.8\gumtree\framework\sics\org.gumtree.sics.core.tests/pom.xml
change file  D:\Git\Gumtree\source\1.8\gumtree\framework\sics\org.gumtree.sics.core.tests\META-INF/MANIFEST.MF
change file  D:\Git\Gumtree\source\1.8\gumtree\framework\sics\org.gumtree.sics.server/pom.xml
change file  D:\Git\Gumtree\source\1.8\gumtree\framework\sics\org.gumtree.sics.server\META-INF/MANIFEST.MF
change file  D:\Git\Gumtree\source\1.8\gumtree\framework\sics\org.gumtree.sics.server.feature/feature.xml
change file  D:\Git\Gumtree\source\1.8\gumtree\framework\sics\org.gumtree.sics.server.feature/pom.xml
change file  D:\Git\Gumtree\source\1.8\gumtree\framework\sics\org.gumtree.sics.ui/pom.xml
change file  D:\Git\Gumtree\source\1.8\gumtree\framework\sics\org.gumtree.sics.ui\META-INF/MANIFEST.MF
change file  D:\Git\Gumtree\source\1.8\gumtree\framework\sics\org.gumtree.sics.ui.feature/feature.xml
change file  D:\Git\Gumtree\source\1.8\gumtree\framework\sics\org.gumtree.sics.ui.feature/pom.xml
change file  D:\Git\Gumtree\source\1.8\gumtree\framework\sics\sun.tools.jconsole/pom.xml
change file  D:\Git\Gumtree\source\1.8\gumtree\framework\sics\sun.tools.jconsole\META-INF/MANIFEST.MF
change file  D:\Git\Gumtree\source\1.8\gumtree\infrastructure\org.gumtree.maven.all/pom.xml
change file  D:\Git\Gumtree\source\1.8\gumtree\infrastructure\org.gumtree.maven.javadoc/pom.xml
change file  D:\Git\Gumtree\source\1.8\gumtree\infrastructure\org.gumtree.maven.repository/pom.xml
change file  D:\Git\Gumtree\source\1.8\gumtree\infrastructure\org.gumtree.sdk.feature/feature.xml
change file  D:\Git\Gumtree\source\1.8\gumtree\infrastructure\org.gumtree.sdk.feature/pom.xml
change file  D:\Git\Gumtree\source\1.8\gumtree\infrastructure\org.gumtree.sdk.module/pom.xml
change file  D:\Git\Gumtree\source\1.8\gumtree\infrastructure\org.gumtree.sdk.products/pom.xml
change file  D:\Git\Gumtree\source\1.8\gumtree\infrastructure\org.gumtree.sdk.products\META-INF/MANIFEST.MF
change file  D:\Git\Gumtree\source\1.8\gumtree\infrastructure\org.gumtree.sdk.targets/pom.xml
change file  D:\Git\Gumtree\source\1.8\gumtree\infrastructure\org.gumtree.sdk.targets\META-INF/MANIFEST.MF
change file  D:\Git\Gumtree\source\1.8\gumtree\parent\org.gumtree.maven.module/pom.xml
change file  D:\Git\Gumtree\source\1.8\gumtree\parent\org.gumtree.maven.parent/pom.xml
change file  D:\Git\Gumtree\source\1.8\gumtree\parent\org.gumtree.maven.tycho/pom.xml
change file  D:\Git\Gumtree\source\1.8\gumtree\parent\org.gumtree.maven.tycho.crossplatform/pom.xml
change file  D:\Git\Gumtree\source\1.8\gumtree\parent\org.gumtree.maven.tycho.test/pom.xml
change file  D:\Git\Gumtree\source\1.8\gumtree\parent\org.gumtree.maven.tycho.test.swtbot/pom.xml